<?xml version="1.0" encoding="utf-8"?><testsuites name="pytest tests"><testsuite name="pytest" errors="0" failures="1" skipped="0" tests="17" time="8.789" timestamp="2026-02-03T04:14:47.369133+00:00" hostname="agent-env-fac00d57-92f5-4d3a-b9b1-20c1f28d3d98"><testcase classname="backend.tests.test_multilingual_api.TestHealthCheck" name="test_health_endpoint" time="0.080" /><testcase classname="backend.tests.test_multilingual_api.TestChatbotMultilingual" name="test_chatbot_hindi_greeting" time="0.051" /><testcase classname="backend.tests.test_multilingual_api.TestChatbotMultilingual" name="test_chatbot_bengali_greeting" time="0.063" /><testcase classname="backend.tests.test_multilingual_api.TestChatbotMultilingual" name="test_chatbot_telugu_greeting" time="0.042" /><testcase classname="backend.tests.test_multilingual_api.TestChatbotMultilingual" name="test_chatbot_english_greeting" time="0.043" /><testcase classname="backend.tests.test_multilingual_api.TestChatbotMultilingual" name="test_chatbot_marathi_greeting" time="0.040" /><testcase classname="backend.tests.test_multilingual_api.TestChatbotMultilingual" name="test_chatbot_tamil_greeting" time="0.043" /><testcase classname="backend.tests.test_multilingual_api.TestChatbotMultilingual" name="test_chatbot_gujarati_greeting" time="0.044" /><testcase classname="backend.tests.test_multilingual_api.TestChatbotMultilingual" name="test_chatbot_conversation_flow_hindi" time="0.081" /><testcase classname="backend.tests.test_multilingual_api.TestChatbotMultilingual" name="test_chatbot_conversation_flow_bengali" time="0.076" /><testcase classname="backend.tests.test_multilingual_api.TestAudioTranscription" name="test_audio_transcribe_endpoint_exists" time="5.736"><failure message="assert 520 == 500&#10; +  where 520 = &lt;Response [520]&gt;.status_code">backend/tests/test_multilingual_api.py:205: in test_audio_transcribe_endpoint_exists
    assert response.status_code == 500
E   assert 520 == 500
E    +  where 520 = &lt;Response [520]&gt;.status_code</failure></testcase><testcase classname="backend.tests.test_multilingual_api.TestAudioTranscription" name="test_audio_parse_registration_endpoint" time="1.584" /><testcase classname="backend.tests.test_multilingual_api.TestAuthEndpoints" name="test_register_worker" time="0.377" /><testcase classname="backend.tests.test_multilingual_api.TestAuthEndpoints" name="test_register_employer" time="0.302" /><testcase classname="backend.tests.test_multilingual_api.TestAuthEndpoints" name="test_login_invalid_credentials" time="0.037" /><testcase classname="backend.tests.test_multilingual_api.TestJobEndpoints" name="test_get_all_jobs" time="0.042" /><testcase classname="backend.tests.test_multilingual_api.TestChatbotCompleteRegistration" name="test_complete_registration_missing_session" time="0.046" /></testsuite></testsuites>